episode ,mean     ,max
   1000 , 9035.15 , 30452
   2000 ,14783.6  , 41068
   3000 ,18003.8  , 46660
   4000 ,20628.1  , 59284
   5000 ,22759.3  , 62476
   6000 ,23825.4  , 64428
   7000 ,24616.7  , 68572
   8000 ,25695.9  , 79848
   9000 ,27888.8  , 72776
  10000 ,29123.5  , 73764
  11000 ,30310.5  , 76288
  12000 ,31857.9  , 76164
  13000 ,33823.4  , 87276
  14000 ,33697.6  , 83312
  15000 ,34197.8  , 89540
  16000 ,35117.6  , 86596
  17000 ,35524.1  ,111204
  18000 ,37144.7  , 81676
  19000 ,36601.4  ,100948
  20000 ,36042    , 92004
  21000 ,37399.5  , 87676
  22000 ,37223.4  , 85928
  23000 ,38890.1  ,126004
  24000 ,38200.2  ,105300
  25000 ,39381    ,118752
  26000 ,38406.7  ,107896
  27000 ,39432.8  , 94968
  28000 ,40606.9  , 90492
  29000 ,41687.5  ,116352
  30000 ,41128    ,131004
  31000 ,40869.6  ,147784
  32000 ,41169.1  ,122456
  33000 ,42298.9  ,128508
  34000 ,42648    ,126752
  35000 ,43222.5  ,108488
  36000 ,43368    ,117632
  37000 ,43149.4  ,128964
  38000 ,44636.5  ,117596
  39000 ,44414.9  ,133604
  40000 ,45372.4  ,133456
  41000 ,46801.3  ,134736
  42000 ,46065.6  ,129140
  43000 ,48103.6  ,139932
  44000 ,49232.6  ,148536
  45000 ,50331.2  ,141228
  46000 ,49472.8  ,152216
  47000 ,52757    ,134340
  48000 ,50583.9  ,138840
  49000 ,51359.9  ,148172
  50000 ,52912.3  ,152416
  51000 ,53219    ,141244
  52000 ,53738    ,149016
  53000 ,54984.2  ,141928
  54000 ,56281.4  ,148184
  55000 ,56674.8  ,137676
  56000 ,56503.9  ,150696
  57000 ,56526.8  ,141048
  58000 ,57587.3  ,142272
  59000 ,57321.4  ,161284
  60000 ,57145.3  ,155088
  61000 ,58823.1  ,156364
  62000 ,58319.7  ,143008
  63000 ,59899.3  ,144008
  64000 ,58044.5  ,169260
  65000 ,58938.2  ,162284
  66000 ,60909.1  ,156424
  67000 ,60210.1  ,150460
  68000 ,60406.4  ,148816
  69000 ,60988.8  ,157048
  70000 ,61996.3  ,161168
  71000 ,60998    ,152548
  72000 ,60313.2  ,150344
  73000 ,59775.3  ,148180
  74000 ,62488.8  ,152488
  75000 ,62467.2  ,168252
  76000 ,62853.8  ,164604
  77000 ,63991.7  ,165544
  78000 ,64535.9  ,165256
  79000 ,63756    ,153260
  80000 ,64658    ,164524
  81000 ,65820.9  ,160380
  82000 ,65260.3  ,157100
  83000 ,66038.3  ,167428
  84000 ,66296.7  ,160812
  85000 ,66637.3  ,166256
  86000 ,65223    ,167004
  87000 ,67385.4  ,166280
  88000 ,67900    ,168712
  89000 ,66573.3  ,167068
  90000 ,68414.9  ,176488
  91000 ,67130.2  ,166176
  92000 ,67052.2  ,167984
  93000 ,67928.2  ,165288
  94000 ,69854.9  ,167560
  95000 ,70384    ,168280
  96000 ,67169.5  ,169060
  97000 ,69011.9  ,173668
  98000 ,69043.5  ,165932
  99000 ,71024.2  ,166268
 100000 ,67425.3  ,165668
 101000 ,70510.1  ,168940
 102000 ,70415.8  ,172168
 103000 ,72667.8  ,169780
 104000 ,71808.2  ,166916
 105000 ,71445.1  ,175772
 106000 ,74397.5  ,241900
 107000 ,68245.7  ,175728
 108000 ,70835.5  ,171208
 109000 ,71798.9  ,166164
 110000 ,71303    ,177104
 111000 ,73024.7  ,173832
 112000 ,73642.8  ,171548
 113000 ,74735.3  ,171716
 114000 ,74639.9  ,166756
 115000 ,74597.9  ,178560
 116000 ,73497.1  ,165836
 117000 ,74365.4  ,168928
 118000 ,75713.2  ,175448
 119000 ,73520.7  ,174120
 120000 ,73872.8  ,170028
 121000 ,72578.9  ,173456
 122000 ,74101.8  ,174948
 123000 ,74610    ,174760
 124000 ,74077.3  ,174120
 125000 ,72263.4  ,173260
 126000 ,73764.2  ,174656
 127000 ,78045.8  ,173512
 128000 ,76781.9  ,170164
 129000 ,77693.7  ,174600
 130000 ,76935.2  ,172812
 131000 ,78553.3  ,173800
 132000 ,79416.8  ,177272
 133000 ,76481.8  ,169968
 134000 ,77722.6  ,173160
 135000 ,77960.1  ,174676
 136000 ,78631.7  ,176284
 137000 ,75507.9  ,171920
 138000 ,77441.5  ,174096
 139000 ,79176.9  ,175868
 140000 ,77857.7  ,176320
 141000 ,81391.1  ,238908
 142000 ,80384.4  ,175724
 143000 ,80018.8  ,173468
 144000 ,80258.6  ,175688
 145000 ,80474.6  ,176644
 146000 ,79279.4  ,173484
 147000 ,81218.6  ,175528
 148000 ,77742.7  ,175028
 149000 ,81290.5  ,175948
 150000 ,80543.6  ,176720
 151000 ,80889.4  ,175308
 152000 ,81430.4  ,173332
 153000 ,79897.9  ,175320
 154000 ,82216    ,176276
 155000 ,80282.1  ,175232
 156000 ,79337.7  ,175784
 157000 ,82167.6  ,175644
 158000 ,82288.4  ,175428
 159000 ,80926.5  ,176696
 160000 ,82751    ,176488
 161000 ,83068.4  ,176540
 162000 ,83385.3  ,176632
 163000 ,84688.9  ,175648
 164000 ,81923    ,175632
 165000 ,82206.8  ,175496
 166000 ,82111.2  ,181680
 167000 ,82985.9  ,173584
 168000 ,85914    ,176300
 169000 ,82723.8  ,176908
 170000 ,82800.4  ,177168
 171000 ,85616.7  ,177044
 172000 ,83255    ,177128
 173000 ,83698.3  ,173548
 174000 ,82491.6  ,176360
 175000 ,84234.1  ,175920
 176000 ,85006.1  ,173560
 177000 ,85453.2  ,177240
 178000 ,85049.1  ,175820
 179000 ,84816.7  ,177004
 180000 ,85975    ,175356
 181000 ,83784.9  ,169756
 182000 ,81909.2  ,173756
 183000 ,83864.6  ,168628
 184000 ,85495.4  ,176360
 185000 ,85055.3  ,177008
 186000 ,86536.1  ,174752
 187000 ,84753.1  ,173216
 188000 ,81599.3  ,171476
 189000 ,83964.2  ,171388
 190000 ,85368.7  ,176340
 191000 ,86274.7  ,175696
 192000 ,85592.1  ,176300
 193000 ,86321.8  ,176880
 194000 ,86404.3  ,174144
 195000 ,84340.8  ,175856
 196000 ,87799.6  ,174236
 197000 ,84701.1  ,176688
 198000 ,88861.6  ,178208
 199000 ,87790.9  ,175088
 200000 ,84785    ,169348
 201000 ,86244.1  ,175012
 202000 ,88284.8  ,176944
 203000 ,88183.3  ,246024
 204000 ,85994.4  ,176436
 205000 ,86085.6  ,226648
 206000 ,86901.9  ,176584
 207000 ,90208.5  ,176624
 208000 ,88100.8  ,175452
 209000 ,85536.1  ,173560
 210000 ,86219.3  ,174840
 211000 ,84253.4  ,177044
 212000 ,86472.2  ,168580
 213000 ,85750    ,176188
 214000 ,84461.6  ,167492
 215000 ,86729.5  ,240096
 216000 ,85986.9  ,246940
 217000 ,85294.8  ,175488
 218000 ,87121.6  ,176464
 219000 ,89887.5  ,174012
 220000 ,88469.4  ,175212
 221000 ,87089.1  ,175928
 222000 ,89441.8  ,175364
 223000 ,87791.4  ,177048
 224000 ,89872    ,173424
 225000 ,88351.1  ,177172
 226000 ,87445.2  ,177716
 227000 ,89241.8  ,175484
 228000 ,87595    ,176640
 229000 ,88040.1  ,177224
 230000 ,88929    ,175672
 231000 ,90906.2  ,176496
 232000 ,90266.4  ,177288
 233000 ,86684.5  ,177344
 234000 ,88461    ,171236
 235000 ,85778.3  ,175468
 236000 ,86887.2  ,174000
 237000 ,85910.2  ,177364
 238000 ,88625.5  ,175696
 239000 ,85572.7  ,176576
 240000 ,87623    ,175460
 241000 ,88350.9  ,177868
 242000 ,89314.6  ,171584
 243000 ,88148.6  ,172532
 244000 ,89059.1  ,172452
 245000 ,87466.8  ,174740
 246000 ,87342.9  ,171396
 247000 ,86448    ,176228
 248000 ,86363    ,175752
 249000 ,87126.1  ,173028
 250000 ,88849.9  ,176892
 251000 ,89703.6  ,177316
 252000 ,86454.6  ,174720
 253000 ,88354    ,176748
 254000 ,89115.1  ,175948
 255000 ,88305.3  ,175916
 256000 ,89072.5  ,177448
 257000 ,90160.6  ,175068
 258000 ,89419    ,172320
 259000 ,90647.8  ,176872
 260000 ,89869.3  ,176348
 261000 ,90214.5  ,176956
 262000 ,88880.4  ,171548
 263000 ,89369.3  ,177668
 264000 ,90500.5  ,172392
 265000 ,89929.8  ,176948
 266000 ,90171.8  ,176864
 267000 ,91664.2  ,172452
 268000 ,91849.5  ,172984
 269000 ,90841.7  ,171756
 270000 ,93442.8  ,172336
 271000 ,89777.7  ,226124
 272000 ,91121.1  ,174116
 273000 ,89234.6  ,177364
 274000 ,91271.6  ,176728
 275000 ,88402.2  ,175304
 276000 ,89499.5  ,172900
 277000 ,88181.1  ,175328
 278000 ,88312.9  ,171484
 279000 ,87342.4  ,175680
 280000 ,86969.6  ,171516
 281000 ,88685.9  ,173196
 282000 ,89951.2  ,173920
 283000 ,92497.8  ,173744
 284000 ,88346.1  ,177376
 285000 ,90776.3  ,174932
 286000 ,90864    ,176816
 287000 ,90730.9  ,173772
 288000 ,88648    ,172628
 289000 ,91459.2  ,172320
 290000 ,87235.3  ,176604
 291000 ,91067.6  ,174676
 292000 ,87832.4  ,176316
 293000 ,90271.8  ,175100
 294000 ,88760.3  ,175412
 295000 ,91293.5  ,174136
 296000 ,90717.3  ,175332
 297000 ,89853.1  ,176864
 298000 ,89937.6  ,174936
 299000 ,89092.2  ,174400
 300000 ,88113.6  ,175328
 301000 ,87709.1  ,173316
 302000 ,90705.1  ,173016
 303000 ,87809.3  ,172720
 304000 ,89942.2  ,175428
 305000 ,90215.2  ,177372
 306000 ,90145.9  ,175668
 307000 ,89567.4  ,172848
 308000 ,92199.2  ,175716
 309000 ,88259    ,176904
 310000 ,89977.8  ,172808
 311000 ,90973.7  ,175816
 312000 ,88641    ,173080
 313000 ,88513.5  ,171624
 314000 ,89128    ,172600
 315000 ,90434.3  ,178188
 316000 ,91300.7  ,174212
 317000 ,90112.8  ,175456
 318000 ,90382.4  ,175620
 319000 ,90629.3  ,178016
 320000 ,90812.7  ,176208
 321000 ,91910.4  ,175296
 322000 ,89747.4  ,176332
 323000 ,87428.8  ,175196
 324000 ,91191.1  ,177144
 325000 ,95308    ,175668
 326000 ,93897.1  ,175460
 327000 ,91385.8  ,175792
 328000 ,91956.7  ,177348
 329000 ,91540.2  ,175548
 330000 ,90798.4  ,176476
 331000 ,89956.1  ,177024
 332000 ,91124.5  ,172612
 333000 ,89172.8  ,171972
 334000 ,89546.9  ,176000
 335000 ,91195    ,176348
 336000 ,90078.9  ,173224
 337000 ,90205.3  ,177260
 338000 ,91459    ,246112
 339000 ,91780.8  ,173180
 340000 ,92218    ,174872
 341000 ,92157.3  ,173516
 342000 ,92346.6  ,176456
 343000 ,92831.6  ,177148
 344000 ,94429.1  ,172780
 345000 ,90160.8  ,171592
 346000 ,92529.8  ,261028
 347000 ,90629.1  ,242328
 348000 ,91277.8  ,175064
 349000 ,89079.1  ,236688
 350000 ,88992.6  ,226732
 351000 ,89259    ,174232
 352000 ,92874.5  ,174144
 353000 ,92005.7  ,242196
 354000 ,93874.2  ,173272
 355000 ,92775.7  ,176144
 356000 ,89951.8  ,176208
 357000 ,91588    ,177392
 358000 ,94329.8  ,202920
 359000 ,90840.3  ,177168
 360000 ,92375    ,175100
 361000 ,92680.4  ,172896
 362000 ,89944.9  ,163604
 363000 ,90231.6  ,175668
 364000 ,90306.1  ,174848
 365000 ,87576.7  ,233516
 366000 ,91901.6  ,172496
 367000 ,88836.1  ,175108
 368000 ,90314.3  ,172952
 369000 ,90868.7  ,178104
 370000 ,90938.9  ,176528
 371000 ,93805.2  ,176324
 372000 ,89963.4  ,175636
 373000 ,92179.3  ,172296
 374000 ,91889.6  ,174656
 375000 ,90822.8  ,175576
 376000 ,91854.5  ,173052
 377000 ,91389    ,175104
 378000 ,94478.5  ,173616
 379000 ,92220.9  ,171500
 380000 ,92697.8  ,172872
 381000 ,90905.8  ,175600
 382000 ,91631.1  ,175708
 383000 ,92386.2  ,175140
 384000 ,91703.8  ,171784
 385000 ,88308    ,176244
 386000 ,93051    ,175664
 387000 ,93681.2  ,176828
 388000 ,91911.4  ,175748
 389000 ,89625.8  ,174176
 390000 ,92981.5  ,176460
 391000 ,90611.9  ,173276
 392000 ,92674.7  ,175376
 393000 ,89235.7  ,177640
 394000 ,92156.6  ,175440
 395000 ,95592.2  ,173440
 396000 ,90674    ,174800
 397000 ,91405.5  ,173256
 398000 ,91024.2  ,173388
 399000 ,92705    ,175548
 400000 ,92133.5  ,177228
 401000 ,90374.3  ,177284
 402000 ,90760.9  ,175200
 403000 ,92630.7  ,176504
 404000 ,93661.3  ,176664
 405000 ,88075.8  ,173092
 406000 ,90765.9  ,168704
 407000 ,90028.7  ,174400
 408000 ,90560.9  ,173196
 409000 ,92574.9  ,176580
 410000 ,90980.4  ,176164
 411000 ,92168.7  ,176416
 412000 ,89767.4  ,173548
 413000 ,94077.4  ,172724
 414000 ,90359.1  ,173076
 415000 ,91952    ,176540
 416000 ,90888    ,175608
 417000 ,92356.5  ,171844
 418000 ,91003.9  ,172788
 419000 ,91503.1  ,173132
 420000 ,91120.6  ,174044
 421000 ,92508    ,174272
 422000 ,94403.5  ,175292
 423000 ,92997.4  ,177676
 424000 ,88972    ,172740
 425000 ,91208.3  ,176504
 426000 ,91558.9  ,172288
 427000 ,94106.8  ,169068
 428000 ,91769.4  ,174948
 429000 ,92168.4  ,171100
 430000 ,91156.2  ,173912
 431000 ,91937.3  ,174540
 432000 ,91866.9  ,168460
 433000 ,94131.7  ,174612
 434000 ,92544.9  ,173988
 435000 ,93499.8  ,172644
 436000 ,89560.6  ,175060
 437000 ,94368.8  ,175788
 438000 ,91782.8  ,173716
 439000 ,90665.1  ,173608
 440000 ,91954.7  ,176452
 441000 ,88233.4  ,176920
 442000 ,93295.6  ,171136
 443000 ,92302.5  ,174852
 444000 ,91415    ,174028
 445000 ,91706    ,177500
 446000 ,93629.2  ,177144
 447000 ,93074.7  ,174588
 448000 ,94430.2  ,173660
 449000 ,94466.5  ,174024
 450000 ,92424.8  ,175536
 451000 ,92399.7  ,176976
 452000 ,89693.2  ,175520
 453000 ,92438.3  ,173916
 454000 ,88451.9  ,172196
 455000 ,94958.2  ,176904
 456000 ,93091.1  ,175892
 457000 ,95400.8  ,173360
 458000 ,93299.7  ,172968
 459000 ,93519.2  ,175180
 460000 ,90978.9  ,176640
 461000 ,92324.4  ,175400
 462000 ,93155.9  ,173372
 463000 ,93778.2  ,175020
 464000 ,94798.3  ,175156
 465000 ,91469.5  ,174304
 466000 ,93313.7  ,177404
 467000 ,91969.5  ,175424
 468000 ,92283.2  ,173332
 469000 ,92301.8  ,175140
 470000 ,90118.5  ,175408
 471000 ,92043.1  ,174588
 472000 ,94918    ,172656
 473000 ,90107.5  ,171520
 474000 ,93724.9  ,175668
 475000 ,95567.1  ,170912
 476000 ,92083.8  ,181692
 477000 ,90822.4  ,177248
 478000 ,91796.4  ,172572
 479000 ,91783.2  ,244340
 480000 ,92536.3  ,173104
 481000 ,92182    ,172772
 482000 ,91851    ,175228
 483000 ,91571.8  ,172268
 484000 ,92837.7  ,177804
 485000 ,93326.7  ,176576
 486000 ,95022.7  ,177048
 487000 ,91070.2  ,177316
 488000 ,93221.5  ,168792
 489000 ,94458.7  ,172128
 490000 ,91475.4  ,173368
 491000 ,91296.1  ,175020
 492000 ,92950    ,174800
 493000 ,95335.9  ,173268
 494000 ,91631.4  ,172428
 495000 ,92107.1  ,175528
 496000 ,92342.2  ,176820
 497000 ,89679.1  ,176960
 498000 ,93065.3  ,168440
 499000 ,92778.7  ,171752
 500000 ,94559.9  ,175240
 501000 ,94697.6  ,173632
 502000 ,94406    ,173648
 503000 ,92406    ,172272
 504000 ,91960.6  ,176276
 505000 ,91554.4  ,174604
 506000 ,92429.1  ,175364
 507000 ,92120.5  ,169832
 508000 ,90635    ,173428
 509000 ,93242.5  ,176328
 510000 ,95316.5  ,223932
 511000 ,95777.5  ,175772
 512000 ,89067.4  ,171932
 513000 ,90157.2  ,174752
 514000 ,91592    ,176948
 515000 ,91261.3  ,175496
 516000 ,91089.7  ,174564
 517000 ,93480.3  ,176368
 518000 ,91594    ,177284
 519000 ,93201.8  ,168404
 520000 ,93734.2  ,175528
 521000 ,92306.6  ,171676
 522000 ,89737.8  ,172972
 523000 ,92639.3  ,173284
 524000 ,91803    ,176292
 525000 ,91806.1  ,171140
 526000 ,91389.3  ,175552
 527000 ,92034.2  ,238532
 528000 ,88997.5  ,175424
 529000 ,94928.7  ,176128
 530000 ,93319.3  ,176856
 531000 ,91670.4  ,175240
 532000 ,92642.4  ,177228
 533000 ,90143.1  ,171212
 534000 ,95228.5  ,174240
 535000 ,95871.3  ,175424
 536000 ,93700.9  ,175608
 537000 ,89682    ,174812
 538000 ,93011.3  ,174800
 539000 ,90746.9  ,246124
 540000 ,90741.8  ,177324
 541000 ,93737.4  ,176252
 542000 ,94478    ,175376
 543000 ,91047.9  ,238120
 544000 ,90803.8  ,176540
 545000 ,95253.8  ,173588
 546000 ,91385    ,175652
 547000 ,92519.6  ,175048
 548000 ,92532.7  ,173108
 549000 ,95777.7  ,227648
 550000 ,90485.9  ,175176
 551000 ,90545.9  ,174792
 552000 ,93972.3  ,173336
 553000 ,91135.5  ,175548
 554000 ,91192.7  ,177156
 555000 ,92323.6  ,175436
 556000 ,91209.8  ,169728
 557000 ,93201.4  ,172468
 558000 ,91947.2  ,173520
 559000 ,94108.8  ,175412
 560000 ,91965    ,171532
 561000 ,90712.8  ,175628
 562000 ,93632.9  ,173380
 563000 ,92117.3  ,171940
 564000 ,92018    ,174704
 565000 ,95157.2  ,174716
 566000 ,91265.9  ,176188
 567000 ,90652.2  ,173272
 568000 ,92125.4  ,177560
 569000 ,95035.4  ,175536
 570000 ,94047    ,173860
 571000 ,94195.5  ,176512
 572000 ,90137.8  ,173068
 573000 ,94398.8  ,175788
 574000 ,95519.9  ,177372
 575000 ,91945.1  ,173112
 576000 ,97023    ,176564
 577000 ,94224.9  ,175928
 578000 ,92482.2  ,168220
 579000 ,93234.7  ,173236
 580000 ,91526.8  ,169428
 581000 ,95195.9  ,174192
 582000 ,89673.6  ,175564
 583000 ,93033.1  ,171788
 584000 ,91566.4  ,174872
 585000 ,93618.2  ,175140
 586000 ,94067    ,172212
 587000 ,93691.5  ,173728
 588000 ,91686.6  ,175536
 589000 ,92033.4  ,177208
 590000 ,92257.8  ,175448
 591000 ,88969.3  ,173304
 592000 ,93010.9  ,175368
 593000 ,91112.4  ,173080
 594000 ,92908.2  ,177216
 595000 ,92969.4  ,174932
 596000 ,93503.7  ,177060
 597000 ,90663.3  ,176556
 598000 ,90876.1  ,173188
 599000 ,91190.7  ,175064
 600000 ,94527.9  ,175320
 601000 ,95257.8  ,176848
 602000 ,94944.6  ,176428
 603000 ,92997.5  ,173516
 604000 ,96279.8  ,174668
 605000 ,93782.2  ,173228
 606000 ,94232.1  ,174028
 607000 ,92683.7  ,174856
 608000 ,92138    ,174624
 609000 ,93119.5  ,174728
 610000 ,92999.8  ,172964
 611000 ,91262.1  ,173260
 612000 ,95293    ,175436
 613000 ,91789.5  ,175620
 614000 ,95662.6  ,173304
 615000 ,96125.7  ,176280
 616000 ,91547.9  ,173848
 617000 ,93985.1  ,176120
 618000 ,91370.8  ,176156
 619000 ,92430.4  ,176536
 620000 ,92990.1  ,173964
 621000 ,93677.7  ,173072
 622000 ,91972.8  ,176420
 623000 ,92864.2  ,174836
 624000 ,95648.9  ,231636
 625000 ,92206.7  ,178776
 626000 ,92308    ,176500
 627000 ,93032.5  ,177724
 628000 ,91049.2  ,173100
 629000 ,92531.3  ,175624
 630000 ,94373.2  ,177584
 631000 ,93535.1  ,175876
 632000 ,90647.9  ,173812
 633000 ,94615    ,175288
 634000 ,93518.1  ,176496
 635000 ,91859.8  ,173244
 636000 ,89372    ,215096
 637000 ,92424.2  ,177240
 638000 ,93115.1  ,176184
 639000 ,95814.8  ,177536
 640000 ,91759.1  ,171488
 641000 ,91840.9  ,173244
 642000 ,94302.9  ,173984
 643000 ,91752.3  ,175940
 644000 ,88848.7  ,173324
 645000 ,93960.4  ,226524
 646000 ,93817.4  ,175616
 647000 ,94336    ,172436
 648000 ,93192.6  ,177308
 649000 ,94585.1  ,178096
 650000 ,95915.9  ,176384
 651000 ,93445.4  ,168248
 652000 ,92500.9  ,178620
 653000 ,93602.2  ,219204
 654000 ,95152.9  ,177408
 655000 ,95219.8  ,178104
 656000 ,93285.4  ,175176
 657000 ,92318.7  ,174824
 658000 ,94764.2  ,177204
 659000 ,94492.6  ,176452
 660000 ,94862.9  ,173048
 661000 ,92100.3  ,176700
 662000 ,95000.3  ,175792
 663000 ,94059.3  ,227664
 664000 ,94294.7  ,173192
 665000 ,94742    ,175296
 666000 ,91081.5  ,172812
 667000 ,96926.2  ,175788
 668000 ,93176.4  ,177148
 669000 ,93680.6  ,172372
 670000 ,95820    ,167956
 671000 ,93913.4  ,176360
 672000 ,95381.2  ,178380
 673000 ,91120.7  ,176392
 674000 ,93184.2  ,177584
 675000 ,94787.9  ,235244
 676000 ,93106.9  ,171924
 677000 ,93324.3  ,177020
 678000 ,93805.4  ,177008
 679000 ,91995.6  ,175444
 680000 ,91117.1  ,174668
 681000 ,94389.8  ,175316
 682000 ,94977.1  ,174632
 683000 ,95135.4  ,176832
 684000 ,95543.9  ,174736
 685000 ,94072.3  ,175208
 686000 ,91027.9  ,174112
 687000 ,93165.6  ,175512
 688000 ,93113.9  ,176356
 689000 ,92053.7  ,174760
 690000 ,93622.3  ,171580
 691000 ,94608.3  ,174824
 692000 ,94254.7  ,175220
 693000 ,90971.9  ,175452
 694000 ,94078.6  ,175592
 695000 ,93454.7  ,175524
 696000 ,94152.1  ,173292
 697000 ,95683.2  ,178376
 698000 ,92388    ,175288
 699000 ,94755.1  ,177432
 700000 ,95036.5  ,174948
 701000 ,95110.4  ,173388
 702000 ,91937.9  ,175648
 703000 ,93710.8  ,177116
 704000 ,95900.7  ,174740
 705000 ,94234.1  ,176920
 706000 ,92482.8  ,170932
 707000 ,94102.6  ,176416
 708000 ,98294.6  ,174480
 709000 ,94270.3  ,175068
 710000 ,93345.7  ,169140
 711000 ,94266.9  ,173508
 712000 ,95355.4  ,176372
 713000 ,96155    ,175160
 714000 ,95615.4  ,176556
 715000 ,95281.8  ,177248
 716000 ,96436.2  ,174908
 717000 ,95370.9  ,175028
 718000 ,90826.2  ,176568
 719000 ,92677    ,176384
 720000 ,94723.4  ,175196
 721000 ,92464.5  ,174936
 722000 ,94423.4  ,174804
 723000 ,92380.7  ,167936
 724000 ,94496.7  ,177048
 725000 ,95047.4  ,175536
 726000 ,95702.9  ,175104
 727000 ,93333.5  ,177408
 728000 ,95122.5  ,177312
 729000 ,91297.3  ,175500
 730000 ,92275.3  ,174812
 731000 ,92655.1  ,171668
 732000 ,96717.6  ,176556
 733000 ,93362.5  ,174080
 734000 ,95388.7  ,175712
 735000 ,96940.5  ,176356
 736000 ,93950.3  ,176268
 737000 ,95674.2  ,178620
 738000 ,93260.4  ,175188
 739000 ,93875.1  ,176296
 740000 ,95142.9  ,173320
 741000 ,91598.7  ,174280
 742000 ,91354.5  ,171564
 743000 ,94204.3  ,172392
 744000 ,94083.4  ,173884
 745000 ,93367.4  ,173260
 746000 ,91338.6  ,168308
 747000 ,95846.1  ,176692
 748000 ,92006    ,173052
 749000 ,92759.3  ,169000
 750000 ,93049.2  ,168380
 751000 ,91252.3  ,174988
 752000 ,92797.4  ,174512
 753000 ,94819    ,175140
 754000 ,95216.6  ,226160
 755000 ,95040.5  ,173188
 756000 ,92733.9  ,172848
 757000 ,96444    ,175940
 758000 ,96563.5  ,173316
 759000 ,93833.9  ,176356
 760000 ,92637.9  ,174276
 761000 ,96334.6  ,177144
 762000 ,97020.5  ,177148
 763000 ,96994.8  ,174600
 764000 ,93320.1  ,175012
 765000 ,94230.6  ,174604
 766000 ,95772.2  ,173780
 767000 ,94782.6  ,176872
 768000 ,95686.5  ,175612
 769000 ,93331.1  ,174528
 770000 ,94190.5  ,235408
 771000 ,97698.3  ,173532
 772000 ,92381.9  ,172552
 773000 ,94727    ,170400
 774000 ,94535.8  ,172600
 775000 ,93736.1  ,175488
 776000 ,94351.4  ,173276
 777000 ,94565.7  ,174504
 778000 ,94347.8  ,175484
 779000 ,95481    ,175040
 780000 ,93003.1  ,174000
 781000 ,95533.1  ,176248
 782000 ,92417.6  ,174496
 783000 ,94886.2  ,171272
 784000 ,93444.1  ,173436
 785000 ,94508.7  ,174284
 786000 ,95714.3  ,175812
 787000 ,95749.9  ,176956
 788000 ,93355.9  ,176492
 789000 ,92693.3  ,174900
 790000 ,94900.7  ,175632
 791000 ,94532.1  ,173304
 792000 ,97315.1  ,173544
 793000 ,93800.4  ,175736
 794000 ,92461.1  ,174500
 795000 ,94268.3  ,174752
 796000 ,94464.8  ,175056
 797000 ,91708.9  ,168852
 798000 ,92213.3  ,177720
 799000 ,93652.1  ,175448
 800000 ,92607.1  ,176796
